<?xml version="1.0" encoding="UTF-8"?><testsuite name="nosetests" tests="276" errors="9" failures="5" skip="0"><testcase classname="tests.test_app_minimal.TestMinimal1" name="test_badargspec" time="0.002" /><testcase classname="tests.test_app_minimal.TestMinimal1" name="test_flexible" time="0.001" /><testcase classname="tests.test_app_minimal.TestMinimal1" name="test_getargs" time="0.001" /><testcase classname="tests.test_app_minimal.TestMinimal1" name="test_list" time="0.001" /><testcase classname="tests.test_app_minimal.TestMinimal1" name="test_mms" time="0.001" /><testcase classname="tests.test_app_minimal.TestMinimal1" name="test_positional" time="0.001" /><testcase classname="tests.test_app_minimal.TestMinimal1" name="test_positionalurl" time="0.001" /><testcase classname="tests.test_app_minimal.TestMinimal1" name="test_response_changes" time="0.001" /><testcase classname="tests.test_app_minimal.TestMinimal1" name="test_return_wsgiapp" time="0.001" /><testcase classname="tests.test_app_minimal.TestMinimal1" name="test_tome" time="0.001" /><testcase classname="tests.test_app_minimal.TestMinimal1" name="test_url_args_overwrite_get_args" time="0.001" /><testcase classname="tests.test_app_minimal.TestMinimal1" name="test_workingview" time="0.001" /><testcase classname="tests.test_app_minimal.TestMinimal2" name="test_workingview" time="0.001" /><testcase classname="tests.test_app_minimal.TestNoAutoImportView" name="test_workingview" time="0.001" /><testcase classname="tests.test_application.TestUserSessionInteraction" name="test_framework_hook" time="0.014" /><testcase classname="tests.test_application.TestUserSessionInteraction" name="test_user_added_to_session_only_when_accessed" time="0.001" /><testcase classname="tests.test_application.TestUserSessionInteraction" name="test_user_added_when_accessed" time="0.004" /><testcase classname="tests.test_application" name="test_component_settings" time="0.004" /><testcase classname="tests.test_application" name="test_external_component_settings" time="0.004" /><testcase classname="tests.test_application" name="test_bad_settings_profile" time="0.001" /><testcase classname="tests.test_application" name="test_environ_hooks" time="0.005" /><testcase classname="tests.test_commands.TestProjectCommands" name="test_bwproject" time="0.222"><error type="exceptions.OSError" message="[Errno 2] No such file or directory"><![CDATA[Traceback (most recent call last):
  File "/usr/lib/python2.6/unittest.py", line 279, in run
    testMethod()
  File "/tmp/BlazeWeb-build-venv/lib/python2.6/site-packages/nose-1.1.2-py2.6.egg/nose/case.py", line 197, in runTest
    self.test(*self.arg)
  File "/home/rsyring/dev/projects/blaze/blazeweb-src/tests/test_commands.py", line 124, in test_bwproject
    self.check_command('bwproj_from_bw_tests', 'bwproject', 18, 'Hello World')
  File "/home/rsyring/dev/projects/blaze/blazeweb-src/tests/test_commands.py", line 95, in check_command
    result = run_blazeweb('project', '-t', template, '--no-interactive', projname)
  File "/home/rsyring/dev/projects/blaze/blazeweb-src/tests/test_commands.py", line 22, in run_blazeweb
    result = env.run(*args, **kw)
  File "build/bdist.linux-x86_64/egg/scripttest/__init__.py", line 237, in run
    env=clean_environ(self.environ))
  File "/usr/lib/python2.6/subprocess.py", line 633, in __init__
    errread, errwrite)
  File "/usr/lib/python2.6/subprocess.py", line 1139, in _execute_child
    raise child_exception
OSError: [Errno 2] No such file or directory
]]></error></testcase><testcase classname="tests.test_commands.TestProjectCommands" name="test_default" time="0.218"><error type="exceptions.OSError" message="[Errno 2] No such file or directory"><![CDATA[Traceback (most recent call last):
  File "/usr/lib/python2.6/unittest.py", line 279, in run
    testMethod()
  File "/tmp/BlazeWeb-build-venv/lib/python2.6/site-packages/nose-1.1.2-py2.6.egg/nose/case.py", line 197, in runTest
    self.test(*self.arg)
  File "/home/rsyring/dev/projects/blaze/blazeweb-src/tests/test_commands.py", line 128, in test_default
    self.check_command('bwproj_from_bw_tests', None, 18, 'Hello World')
  File "/home/rsyring/dev/projects/blaze/blazeweb-src/tests/test_commands.py", line 97, in check_command
    result = run_blazeweb('project', '--no-interactive', projname)
  File "/home/rsyring/dev/projects/blaze/blazeweb-src/tests/test_commands.py", line 22, in run_blazeweb
    result = env.run(*args, **kw)
  File "build/bdist.linux-x86_64/egg/scripttest/__init__.py", line 237, in run
    env=clean_environ(self.environ))
  File "/usr/lib/python2.6/subprocess.py", line 633, in __init__
    errread, errwrite)
  File "/usr/lib/python2.6/subprocess.py", line 1139, in _execute_child
    raise child_exception
OSError: [Errno 2] No such file or directory
]]></error></testcase><testcase classname="tests.test_commands.TestProjectCommands" name="test_minimal" time="0.158"><error type="exceptions.OSError" message="[Errno 2] No such file or directory"><![CDATA[Traceback (most recent call last):
  File "/usr/lib/python2.6/unittest.py", line 279, in run
    testMethod()
  File "/tmp/BlazeWeb-build-venv/lib/python2.6/site-packages/nose-1.1.2-py2.6.egg/nose/case.py", line 197, in runTest
    self.test(*self.arg)
  File "/home/rsyring/dev/projects/blaze/blazeweb-src/tests/test_commands.py", line 121, in test_minimal
    self.check_command('minimalproj_from_bw_tests', 'minimal', 9, 'index')
  File "/home/rsyring/dev/projects/blaze/blazeweb-src/tests/test_commands.py", line 95, in check_command
    result = run_blazeweb('project', '-t', template, '--no-interactive', projname)
  File "/home/rsyring/dev/projects/blaze/blazeweb-src/tests/test_commands.py", line 22, in run_blazeweb
    result = env.run(*args, **kw)
  File "build/bdist.linux-x86_64/egg/scripttest/__init__.py", line 237, in run
    env=clean_environ(self.environ))
  File "/usr/lib/python2.6/subprocess.py", line 633, in __init__
    errread, errwrite)
  File "/usr/lib/python2.6/subprocess.py", line 1139, in _execute_child
    raise child_exception
OSError: [Errno 2] No such file or directory
]]></error></testcase><testcase classname="tests.test_commands" name="test_app_usage" time="0.057"><failure type="exceptions.AssertionError" message='Script returned code: 1&#10;-------------------- &gt;&gt; begin captured stdout &lt;&lt; ---------------------&#10;Script result: python application.py&#10;  return code: 1&#10;-- stderr: --------------------&#10;Traceback (most recent call last):&#10;  File "application.py", line 3, in &lt;module&gt;&#10;    from blazeweb.application import WSGIApp&#10;ImportError: No module named blazeweb.application&#10;&#10;&#10;--------------------- &gt;&gt; end captured stdout &lt;&lt; ----------------------'><![CDATA[Traceback (most recent call last):
  File "/usr/lib/python2.6/unittest.py", line 279, in run
    testMethod()
  File "/tmp/BlazeWeb-build-venv/lib/python2.6/site-packages/nose-1.1.2-py2.6.egg/nose/case.py", line 197, in runTest
    self.test(*self.arg)
  File "/home/rsyring/dev/projects/blaze/blazeweb-src/tests/test_commands.py", line 26, in test_app_usage
    result = run_application('minimal2')
  File "/home/rsyring/dev/projects/blaze/blazeweb-src/tests/test_commands.py", line 16, in run_application
    result = env.run(*args, **kw)
  File "build/bdist.linux-x86_64/egg/scripttest/__init__.py", line 255, in run
    result.assert_no_error(quiet)
  File "build/bdist.linux-x86_64/egg/scripttest/__init__.py", line 402, in assert_no_error
    "Script returned code: %s" % self.returncode)
AssertionError: Script returned code: 1
-------------------- >> begin captured stdout << ---------------------
Script result: python application.py
  return code: 1
-- stderr: --------------------
Traceback (most recent call last):
  File "application.py", line 3, in <module>
    from blazeweb.application import WSGIApp
ImportError: No module named blazeweb.application


--------------------- >> end captured stdout << ----------------------
]]></failure></testcase><testcase classname="tests.test_commands" name="test_bad_profile" time="0.076"><failure type="exceptions.AssertionError" message='Traceback (most recent call last):&#10;  File "application.py", line 3, in &lt;module&gt;&#10;    from blazeweb.application import WSGIApp&#10;ImportError: No module named blazeweb.application&#10;'><![CDATA[Traceback (most recent call last):
  File "/usr/lib/python2.6/unittest.py", line 279, in run
    testMethod()
  File "/tmp/BlazeWeb-build-venv/lib/python2.6/site-packages/nose-1.1.2-py2.6.egg/nose/case.py", line 197, in runTest
    self.test(*self.arg)
  File "/home/rsyring/dev/projects/blaze/blazeweb-src/tests/test_commands.py", line 39, in test_bad_profile
    assert 'settings profile "profilenotthere" not found in this application' in result.stderr, result.stderr
AssertionError: Traceback (most recent call last):
  File "application.py", line 3, in <module>
    from blazeweb.application import WSGIApp
ImportError: No module named blazeweb.application

]]></failure></testcase><testcase classname="tests.test_commands" name="test_blazeweb_usage" time="0.007"><error type="exceptions.OSError" message="[Errno 2] No such file or directory"><![CDATA[Traceback (most recent call last):
  File "/usr/lib/python2.6/unittest.py", line 279, in run
    testMethod()
  File "/tmp/BlazeWeb-build-venv/lib/python2.6/site-packages/nose-1.1.2-py2.6.egg/nose/case.py", line 197, in runTest
    self.test(*self.arg)
  File "/home/rsyring/dev/projects/blaze/blazeweb-src/tests/test_commands.py", line 42, in test_blazeweb_usage
    result = run_blazeweb()
  File "/home/rsyring/dev/projects/blaze/blazeweb-src/tests/test_commands.py", line 22, in run_blazeweb
    result = env.run(*args, **kw)
  File "build/bdist.linux-x86_64/egg/scripttest/__init__.py", line 237, in run
    env=clean_environ(self.environ))
  File "/usr/lib/python2.6/subprocess.py", line 633, in __init__
    errread, errwrite)
  File "/usr/lib/python2.6/subprocess.py", line 1139, in _execute_child
    raise child_exception
OSError: [Errno 2] No such file or directory
]]></error></testcase><testcase classname="tests.test_commands" name="test_app_testrun" time="0.076"><failure type="exceptions.AssertionError" message='Script returned code: 1&#10;-------------------- &gt;&gt; begin captured stdout &lt;&lt; ---------------------&#10;Script result: python application.py testrun&#10;  return code: 1&#10;-- stderr: --------------------&#10;Traceback (most recent call last):&#10;  File "application.py", line 3, in &lt;module&gt;&#10;    from blazeweb.application import WSGIApp&#10;ImportError: No module named blazeweb.application&#10;&#10;&#10;--------------------- &gt;&gt; end captured stdout &lt;&lt; ----------------------'><![CDATA[Traceback (most recent call last):
  File "/usr/lib/python2.6/unittest.py", line 279, in run
    testMethod()
  File "/tmp/BlazeWeb-build-venv/lib/python2.6/site-packages/nose-1.1.2-py2.6.egg/nose/case.py", line 197, in runTest
    self.test(*self.arg)
  File "/home/rsyring/dev/projects/blaze/blazeweb-src/tests/test_commands.py", line 50, in test_app_testrun
    res = run_application('minimal2', 'testrun')
  File "/home/rsyring/dev/projects/blaze/blazeweb-src/tests/test_commands.py", line 16, in run_application
    result = env.run(*args, **kw)
  File "build/bdist.linux-x86_64/egg/scripttest/__init__.py", line 255, in run
    result.assert_no_error(quiet)
  File "build/bdist.linux-x86_64/egg/scripttest/__init__.py", line 402, in assert_no_error
    "Script returned code: %s" % self.returncode)
AssertionError: Script returned code: 1
-------------------- >> begin captured stdout << ---------------------
Script result: python application.py testrun
  return code: 1
-- stderr: --------------------
Traceback (most recent call last):
  File "application.py", line 3, in <module>
    from blazeweb.application import WSGIApp
ImportError: No module named blazeweb.application


--------------------- >> end captured stdout << ----------------------
]]></failure></testcase><testcase classname="tests.test_commands" name="test_app_tasks" time="0.075"><failure type="exceptions.AssertionError" message=""><![CDATA[Traceback (most recent call last):
  File "/usr/lib/python2.6/unittest.py", line 279, in run
    testMethod()
  File "/tmp/BlazeWeb-build-venv/lib/python2.6/site-packages/nose-1.1.2-py2.6.egg/nose/case.py", line 197, in runTest
    self.test(*self.arg)
  File "/home/rsyring/dev/projects/blaze/blazeweb-src/tests/test_commands.py", line 73, in test_app_tasks
    assert 'You must provide at least 1 argument' in res.stdout
AssertionError
]]></failure></testcase><testcase classname="tests.test_commands" name="test_app_routes" time="0.075"><failure type="exceptions.AssertionError" message='Script returned code: 1&#10;-------------------- &gt;&gt; begin captured stdout &lt;&lt; ---------------------&#10;Script result: python application.py routes&#10;  return code: 1&#10;-- stderr: --------------------&#10;Traceback (most recent call last):&#10;  File "application.py", line 3, in &lt;module&gt;&#10;    from blazeweb.application import WSGIApp&#10;ImportError: No module named blazeweb.application&#10;&#10;&#10;--------------------- &gt;&gt; end captured stdout &lt;&lt; ----------------------'><![CDATA[Traceback (most recent call last):
  File "/usr/lib/python2.6/unittest.py", line 279, in run
    testMethod()
  File "/tmp/BlazeWeb-build-venv/lib/python2.6/site-packages/nose-1.1.2-py2.6.egg/nose/case.py", line 197, in runTest
    self.test(*self.arg)
  File "/home/rsyring/dev/projects/blaze/blazeweb-src/tests/test_commands.py", line 87, in test_app_routes
    res = run_application('minimal2', 'routes')
  File "/home/rsyring/dev/projects/blaze/blazeweb-src/tests/test_commands.py", line 16, in run_application
    result = env.run(*args, **kw)
  File "build/bdist.linux-x86_64/egg/scripttest/__init__.py", line 255, in run
    result.assert_no_error(quiet)
  File "build/bdist.linux-x86_64/egg/scripttest/__init__.py", line 402, in assert_no_error
    "Script returned code: %s" % self.returncode)
AssertionError: Script returned code: 1
-------------------- >> begin captured stdout << ---------------------
Script result: python application.py routes
  return code: 1
-- stderr: --------------------
Traceback (most recent call last):
  File "application.py", line 3, in <module>
    from blazeweb.application import WSGIApp
ImportError: No module named blazeweb.application


--------------------- >> end captured stdout << ----------------------
]]></failure></testcase><testcase classname="tests.test_config.TestComponentSettings" name="test_components" time="0.000" /><testcase classname="tests.test_config.TestConfig" name="test_appslist" time="0.024" /><testcase classname="tests.test_config.TestConfig" name="test_modsettings" time="0.013" /><testcase classname="tests.test_config.TestConfig" name="test_modulesettingslock" time="0.011" /><testcase classname="tests.test_config.TestConfig" name="test_settings" time="0.011" /><testcase classname="tests.test_config.TestConfig" name="test_settingslock" time="0.011" /><testcase classname="tests.test_config.TestDefaultSettings" name="test_storage_dir" time="0.000" /><testcase classname="tests.test_config.TestQuickSettings" name="test_dict_convert" time="0.003" /><testcase classname="tests.test_config.TestQuickSettings" name="test_email" time="0.000" /><testcase classname="tests.test_config.TestQuickSettings" name="test_hasattr" time="0.001" /><testcase classname="tests.test_config.TestQuickSettings" name="test_level1" time="0.000" /><testcase classname="tests.test_config.TestQuickSettings" name="test_level2" time="0.000" /><testcase classname="tests.test_config.TestQuickSettings" name="test_lock" time="0.001" /><testcase classname="tests.test_config.TestQuickSettings" name="test_merge" time="0.001" /><testcase classname="tests.test_config.TestQuickSettings" name="test_modules" time="0.001" /><testcase classname="tests.test_config.TestQuickSettings" name="test_settings" time="0.001" /><testcase classname="tests.test_config.TestQuickSettings" name="test_unlock" time="0.001" /><testcase classname="tests.test_dispatching.TestAltStack" name="test_asview_from_component" time="0.002" /><testcase classname="tests.test_dispatching.TestAltStack" name="test_forward" time="0.001" /><testcase classname="tests.test_dispatching.TestAltStack" name="test_no_session" time="0.001" /><testcase classname="tests.test_dispatching.TestAltStack" name="test_workingview" time="0.001" /><testcase classname="tests.test_dispatching.TestAltStackWithSession" name="test_hassession" time="0.001" /><testcase classname="tests.test_dispatching.TestAltStackWithSession" name="test_session_saves" time="0.017" /><testcase classname="tests.test_events.TestEvents" name="test_connect_to_signal_decorator" time="0.003" /><testcase classname="tests.test_events.TestEvents" name="test_event" time="0.013" /><testcase classname="tests.test_hierarchy.TestMin2" name="test_component_mappings" time="0.000" /><testcase classname="tests.test_hierarchy.TestMin2" name="test_find_content_no_module_app_level" time="0.000" /><testcase classname="tests.test_hierarchy.TestMostStuff" name="test_app_findfile" time="0.000" /><testcase classname="tests.test_hierarchy.TestMostStuff" name="test_app_level_view" time="0.000" /><testcase classname="tests.test_hierarchy.TestMostStuff" name="test_appstack_import_failures" time="0.001" /><testcase classname="tests.test_hierarchy.TestMostStuff" name="test_appstack_import_overrides" time="0.000" /><testcase classname="tests.test_hierarchy.TestMostStuff" name="test_cache_namespaces" time="0.000" /><testcase classname="tests.test_hierarchy.TestMostStuff" name="test_component_findfile" time="0.002" /><testcase classname="tests.test_hierarchy.TestMostStuff" name="test_component_import_failures" time="0.002" /><testcase classname="tests.test_hierarchy.TestMostStuff" name="test_component_mappings" time="0.000" /><testcase classname="tests.test_hierarchy.TestMostStuff" name="test_component_view" time="0.000" /><testcase classname="tests.test_hierarchy.TestMostStuff" name="test_compstack_import_overrides" time="0.001" /><testcase classname="tests.test_hierarchy.TestMostStuff" name="test_disabled_component" time="0.000" /><testcase classname="tests.test_hierarchy.TestMostStuff" name="test_findfile_cache" time="0.001" /><testcase classname="tests.test_hierarchy.TestMostStuff" name="test_findobj" time="0.000" /><testcase classname="tests.test_hierarchy.TestMostStuff" name="test_from_supporting_app_external_component" time="0.001" /><testcase classname="tests.test_hierarchy.TestMostStuff" name="test_from_supporting_app_internal_component" time="0.001" /><testcase classname="tests.test_hierarchy.TestMostStuff" name="test_good_component_but_object_not_there" time="0.000" /><testcase classname="tests.test_hierarchy.TestMostStuff" name="test_import_cache" time="0.000" /><testcase classname="tests.test_hierarchy.TestMostStuff" name="test_import_error_in_target_gets_raised" time="0.001" /><testcase classname="tests.test_hierarchy.TestMostStuff" name="test_list_components" time="0.000" /><testcase classname="tests.test_hierarchy.TestMostStuff" name="test_no_setting_component" time="0.000" /><testcase classname="tests.test_hierarchy.TestMostStuff" name="test_package_component" time="0.000" /><testcase classname="tests.test_hierarchy.TestMostStuff" name="test_package_component_priority" time="0.001" /><testcase classname="tests.test_hierarchy.TestMostStuff" name="test_package_component_two_deep" time="0.001" /><testcase classname="tests.test_hierarchy.TestMostStuff" name="test_visitmods" time="0.002" /><testcase classname="tests.test_hierarchy.TestPTA" name="test_find_content_hierarchy_import_errors_get_raised" time="0.001" /><testcase classname="tests.test_hierarchy.TestPTA" name="test_find_content_no_attribute" time="0.001" /><testcase classname="tests.test_hierarchy.TestPTA" name="test_find_content_no_component" time="0.000" /><testcase classname="tests.test_hierarchy.TestPTA" name="test_find_content_no_module" time="0.001" /><testcase classname="tests.test_hierarchy.TestPTA" name="test_find_content_no_object_app_level" time="0.001" /><testcase classname="tests.test_hierarchy.TestPTA" name="test_find_view_hierarchy_import_errors_get_raised" time="0.001" /><testcase classname="tests.test_hierarchy.TestPTA" name="test_find_view_no_component" time="0.000" /><testcase classname="tests.test_hierarchy.TestPTA" name="test_gatherobjs" time="0.002" /><testcase classname="tests.test_hierarchy.TestPTA" name="test_list_components" time="0.000" /><testcase classname="tests.test_hierarchy" name="test_visitmods_reloading" time="0.008" /><testcase classname="tests.test_logs.TestLogs" name="test_application_log" time="0.000" /><testcase classname="tests.test_logs.TestLogs" name="test_error_log" time="0.000" /><testcase classname="tests.test_logs.TestLogs" name="test_mail_log" time="0.000" /><testcase classname="tests.test_logs.TestLogs" name="test_warn_log" time="0.000" /><testcase classname="tests.test_logs.TestNoLogs" name="test_no_logs" time="0.000" /><testcase classname="tests.test_mail.TestEmail" name="test_adminfrom" time="0.016" /><testcase classname="tests.test_mail.TestEmail" name="test_bcc" time="0.003" /><testcase classname="tests.test_mail.TestEmail" name="test_bcc_always" time="0.003" /><testcase classname="tests.test_mail.TestEmail" name="test_bcc_defaults" time="0.006" /><testcase classname="tests.test_mail.TestEmail" name="test_cc" time="0.003" /><testcase classname="tests.test_mail.TestEmail" name="test_cc_always" time="0.003" /><testcase classname="tests.test_mail.TestEmail" name="test_cc_defaults" time="0.003" /><testcase classname="tests.test_mail.TestEmail" name="test_default_from" time="0.003" /><testcase classname="tests.test_mail.TestEmail" name="test_duplicate_headers" time="0.004" /><testcase classname="tests.test_mail.TestEmail" name="test_email_log_entry" time="0.011" /><testcase classname="tests.test_mail.TestEmail" name="test_extra_header" time="0.003" /><testcase classname="tests.test_mail.TestEmail" name="test_header_inj_custom" time="0.003" /><testcase classname="tests.test_mail.TestEmail" name="test_header_inj_from" time="0.003" /><testcase classname="tests.test_mail.TestEmail" name="test_header_inj_reply_to" time="0.003" /><testcase classname="tests.test_mail.TestEmail" name="test_header_inj_sub" time="0.003" /><testcase classname="tests.test_mail.TestEmail" name="test_html_email" time="0.007" /><testcase classname="tests.test_mail.TestEmail" name="test_html_override_with_full_document" time="0.007" /><testcase classname="tests.test_mail.TestEmail" name="test_html_overrides" time="0.004" /><testcase classname="tests.test_mail.TestEmail" name="test_long_subj" time="0.003" /><testcase classname="tests.test_mail.TestEmail" name="test_mail_admins" time="0.005" /><testcase classname="tests.test_mail.TestEmail" name="test_mail_admins_wawrning" time="0.004" /><testcase classname="tests.test_mail.TestEmail" name="test_mail_programmers" time="0.005" /><testcase classname="tests.test_mail.TestEmail" name="test_mail_programmers_wawrning" time="0.005" /><testcase classname="tests.test_mail.TestEmail" name="test_markdown_email" time="0.014" /><testcase classname="tests.test_mail.TestEmail" name="test_mockmail" time="0.083" /><testcase classname="tests.test_mail.TestEmail" name="test_multi_part" time="0.003" /><testcase classname="tests.test_mail.TestEmail" name="test_multi_recip" time="0.002" /><testcase classname="tests.test_mail.TestEmail" name="test_multipart_html_override_with_full_document" time="0.007" /><testcase classname="tests.test_mail.TestEmail" name="test_nofrom" time="0.002" /><testcase classname="tests.test_mail.TestEmail" name="test_normal_ascii" time="0.002" /><testcase classname="tests.test_mail.TestEmail" name="test_not_live" time="0.037" /><testcase classname="tests.test_mail.TestEmail" name="test_overrides" time="0.003" /><testcase classname="tests.test_mail.TestEmail" name="test_overrides_recipients_first" time="0.003" /><testcase classname="tests.test_mail.TestEmail" name="test_programmersfrom" time="0.003" /><testcase classname="tests.test_mail.TestEmail" name="test_reply_to" time="0.002" /><testcase classname="tests.test_mail.TestEmail" name="test_reply_to_default" time="0.002" /><testcase classname="tests.test_middleware.TestStaticFileServer" name="test_bad_type" time="0.001" /><testcase classname="tests.test_middleware.TestStaticFileServer" name="test_from_external_component" time="0.001" /><testcase classname="tests.test_middleware.TestStaticFileServer" name="test_from_internal_component" time="0.000" /><testcase classname="tests.test_middleware.TestStaticFileServer" name="test_from_supporting_app" time="0.000" /><testcase classname="tests.test_middleware.TestStaticFileServer" name="test_no_component" time="0.001" /><testcase classname="tests.test_middleware.TestStaticFileServer" name="test_no_path_after_type" time="0.001" /><testcase classname="tests.test_middleware.TestStaticFileServer" name="test_top_level_file" time="0.000" /><testcase classname="tests.test_routing.TestCurrentUrl" name="test_arguments" time="0.001" /><testcase classname="tests.test_routing.TestCurrentUrl" name="test_in_view" time="0.001" /><testcase classname="tests.test_routing.TestCurrentUrl" name="test_qs_replace_new" time="0.000" /><testcase classname="tests.test_routing.TestPrefix" name="test_routes" time="0.000" /><testcase classname="tests.test_routing.TestProperUrl" name="test_absolute" time="0.000" /><testcase classname="tests.test_routing.TestProperUrl" name="test_relative_in_request" time="0.000" /><testcase classname="tests.test_routing.TestProperUrl" name="test_relative_in_request_with_scriptname" time="0.000" /><testcase classname="tests.test_routing.TestProperUrl" name="test_relative_no_request" time="0.000" /><testcase classname="tests.test_routing.TestRouting" name="test_routes" time="0.000" /><testcase classname="tests.test_routing.TestRoutingSSL" name="test_routes" time="0.000" /><testcase classname="tests.test_routing.TestRoutingSSLCaseSensitive" name="test_routes" time="0.000" /><testcase classname="tests.test_session.TestSession" name="test_session_persist" time="0.018" /><testcase classname="tests.test_session.TestSession" name="test_session_regen_id" time="0.021" /><testcase classname="tests.test_tasks.TestTasks" name="test_matrix_attr" time="0.001" /><testcase classname="tests.test_tasks.TestTasks" name="test_matrix_noattr" time="0.001" /><testcase classname="tests.test_tasks.TestTasks" name="test_matrix_soft_attr" time="0.001" /><testcase classname="tests.test_tasks.TestTasks" name="test_multiple_attributes" time="0.000" /><testcase classname="tests.test_tasks.TestTasks" name="test_notask" time="0.000" /><testcase classname="tests.test_tasks.TestTasks" name="test_single_attribute" time="0.000" /><testcase classname="tests.test_tasks.TestTasks" name="test_task" time="0.001" /><testcase classname="tests.test_templating.TestContent" name="test_abs_static_url" time="0.002" /><testcase classname="tests.test_templating.TestContent" name="test_class_usage" time="0.000" /><testcase classname="tests.test_templating.TestContent" name="test_context_variable_takes_precedence" time="0.001" /><testcase classname="tests.test_templating.TestContent" name="test_direct_includes" time="0.008" /><testcase classname="tests.test_templating.TestContent" name="test_endpoint_template_variable" time="0.001" /><testcase classname="tests.test_templating.TestContent" name="test_in_request_usage" time="0.000" /><testcase classname="tests.test_templating.TestContent" name="test_included_content_default_safe" time="0.007" /><testcase classname="tests.test_templating.TestContent" name="test_nested_content" time="0.001" /><testcase classname="tests.test_templating.TestContent" name="test_page_method_formatting" time="0.000" /><testcase classname="tests.test_templating.TestContent" name="test_page_methods_are_not_autoescaped" time="0.001" /><testcase classname="tests.test_templating.TestContent" name="test_string_render" time="0.001" /><testcase classname="tests.test_templating.TestContent" name="test_template_usage" time="0.001" /><testcase classname="tests.test_templating.TestContent" name="test_user_proxy_in_template" time="0.001" /><testcase classname="tests.test_test.TestThis" name="test_currenturl" time="0.000" /><testcase classname="tests.test_test" name="test_currenturl" time="0.000" /><testcase classname="tests.test_test" name="test_nose_component_app_package_find_by_directory" time="0.011"><error type="exceptions.OSError" message="[Errno 2] No such file or directory"><![CDATA[Traceback (most recent call last):
  File "/usr/lib/python2.6/unittest.py", line 279, in run
    testMethod()
  File "/tmp/BlazeWeb-build-venv/lib/python2.6/site-packages/nose-1.1.2-py2.6.egg/nose/case.py", line 197, in runTest
    self.test(*self.arg)
  File "/home/rsyring/dev/projects/blaze/blazeweb-src/tests/test_test.py", line 31, in test_nose_component_app_package_find_by_directory
    res = env.run('nosetests', expect_error=True, cwd=cwd)
  File "build/bdist.linux-x86_64/egg/scripttest/__init__.py", line 237, in run
    env=clean_environ(self.environ))
  File "/usr/lib/python2.6/subprocess.py", line 633, in __init__
    errread, errwrite)
  File "/usr/lib/python2.6/subprocess.py", line 1139, in _execute_child
    raise child_exception
OSError: [Errno 2] No such file or directory
]]></error></testcase><testcase classname="tests.test_test" name="test_nose_component_disable" time="0.011"><error type="exceptions.OSError" message="[Errno 2] No such file or directory"><![CDATA[Traceback (most recent call last):
  File "/usr/lib/python2.6/unittest.py", line 279, in run
    testMethod()
  File "/tmp/BlazeWeb-build-venv/lib/python2.6/site-packages/nose-1.1.2-py2.6.egg/nose/case.py", line 197, in runTest
    self.test(*self.arg)
  File "/home/rsyring/dev/projects/blaze/blazeweb-src/tests/test_test.py", line 37, in test_nose_component_disable
    res = env.run('nosetests', '--blazeweb-disable', expect_error=True, cwd=cwd)
  File "build/bdist.linux-x86_64/egg/scripttest/__init__.py", line 237, in run
    env=clean_environ(self.environ))
  File "/usr/lib/python2.6/subprocess.py", line 633, in __init__
    errread, errwrite)
  File "/usr/lib/python2.6/subprocess.py", line 1139, in _execute_child
    raise child_exception
OSError: [Errno 2] No such file or directory
]]></error></testcase><testcase classname="tests.test_test" name="test_nose_component_app_package_by_command_line" time="0.011"><error type="exceptions.OSError" message="[Errno 2] No such file or directory"><![CDATA[Traceback (most recent call last):
  File "/usr/lib/python2.6/unittest.py", line 279, in run
    testMethod()
  File "/tmp/BlazeWeb-build-venv/lib/python2.6/site-packages/nose-1.1.2-py2.6.egg/nose/case.py", line 197, in runTest
    self.test(*self.arg)
  File "/home/rsyring/dev/projects/blaze/blazeweb-src/tests/test_test.py", line 41, in test_nose_component_app_package_by_command_line
    res = env.run('nosetests', 'minimal2', expect_error=True, cwd=apps_path)
  File "build/bdist.linux-x86_64/egg/scripttest/__init__.py", line 237, in run
    env=clean_environ(self.environ))
  File "/usr/lib/python2.6/subprocess.py", line 633, in __init__
    errread, errwrite)
  File "/usr/lib/python2.6/subprocess.py", line 1139, in _execute_child
    raise child_exception
OSError: [Errno 2] No such file or directory
]]></error></testcase><testcase classname="tests.test_test" name="test_nose_component_app_package_by_environ" time="0.012"><error type="exceptions.OSError" message="[Errno 2] No such file or directory"><![CDATA[Traceback (most recent call last):
  File "/usr/lib/python2.6/unittest.py", line 279, in run
    testMethod()
  File "/tmp/BlazeWeb-build-venv/lib/python2.6/site-packages/nose-1.1.2-py2.6.egg/nose/case.py", line 197, in runTest
    self.test(*self.arg)
  File "/home/rsyring/dev/projects/blaze/blazeweb-src/tests/test_test.py", line 51, in test_nose_component_app_package_by_environ
    res = newenv.run('nosetests', 'minimal2', expect_error=True, cwd=apps_path)
  File "build/bdist.linux-x86_64/egg/scripttest/__init__.py", line 237, in run
    env=clean_environ(self.environ))
  File "/usr/lib/python2.6/subprocess.py", line 633, in __init__
    errread, errwrite)
  File "/usr/lib/python2.6/subprocess.py", line 1139, in _execute_child
    raise child_exception
OSError: [Errno 2] No such file or directory
]]></error></testcase><testcase classname="tests.test_test" name="test_nose_component_profile_choosing" time="0.008"><error type="exceptions.OSError" message="[Errno 2] No such file or directory"><![CDATA[Traceback (most recent call last):
  File "/usr/lib/python2.6/unittest.py", line 279, in run
    testMethod()
  File "/tmp/BlazeWeb-build-venv/lib/python2.6/site-packages/nose-1.1.2-py2.6.egg/nose/case.py", line 197, in runTest
    self.test(*self.arg)
  File "/home/rsyring/dev/projects/blaze/blazeweb-src/tests/test_test.py", line 59, in test_nose_component_profile_choosing
    res = env.run('nosetests', '-s', expect_error=True, cwd=cwd)
  File "build/bdist.linux-x86_64/egg/scripttest/__init__.py", line 237, in run
    env=clean_environ(self.environ))
  File "/usr/lib/python2.6/subprocess.py", line 633, in __init__
    errread, errwrite)
  File "/usr/lib/python2.6/subprocess.py", line 1139, in _execute_child
    raise child_exception
OSError: [Errno 2] No such file or directory
]]></error></testcase><testcase classname="tests.test_user.TestUserFunctional" name="test_attr" time="0.021" /><testcase classname="tests.test_user.TestUserFunctional" name="test_auth" time="0.017" /><testcase classname="tests.test_user.TestUserFunctional" name="test_clear" time="0.014" /><testcase classname="tests.test_user.TestUserFunctional" name="test_message" time="0.020" /><testcase classname="tests.test_user.TestUserFunctional" name="test_perm" time="0.017" /><testcase classname="tests.test_user.TestUserProxy" name="test_bool_value" time="0.000" /><testcase classname="tests.test_user.TestUserUnit" name="test_api_attrs_not_in_dict" time="0.000" /><testcase classname="tests.test_user.TestUserUnit" name="test_clear" time="0.000" /><testcase classname="tests.test_user.TestUserUnit" name="test_defaults" time="0.000" /><testcase classname="tests.test_user.TestUserUnit" name="test_get_set_properties" time="0.000" /><testcase classname="tests.test_user.TestUserUnit" name="test_lazy_dict_attrs" time="0.000" /><testcase classname="tests.test_user.TestUserUnit" name="test_perms" time="0.000" /><testcase classname="tests.test_user.TestUserUnit" name="test_repr" time="0.000" /><testcase classname="tests.test_user.TestUserUnit" name="test_super_user_perms" time="0.000" /><testcase classname="tests.test_utils.TestAborting" name="test_callable" time="0.001" /><testcase classname="tests.test_utils.TestAborting" name="test_dabort" time="0.001" /><testcase classname="tests.test_utils.TestAborting" name="test_integer" time="0.001" /><testcase classname="tests.test_utils.TestAborting" name="test_other" time="0.001" /><testcase classname="tests.test_utils.TestAborting" name="test_str" time="0.001" /><testcase classname="tests.test_utils.TestFirstApp" name="test_copy_static_files" time="0.004" /><testcase classname="tests.test_utils.TestFirstApp" name="test_removal" time="0.005" /><testcase classname="tests.test_utils.TestFirstApp" name="test_static_server" time="0.005" /><testcase classname="tests.test_utils" name="test_auto_copy" time="0.008" /><testcase classname="tests.test_views.TestApp2" name="test_app2" time="0.005" /><testcase classname="tests.test_views.TestApp2" name="test_underscore_templates" time="0.004" /><testcase classname="tests.test_views.TestViews" name="test_2gets" time="0.011" /><testcase classname="tests.test_views.TestViews" name="test_404_noroute" time="0.009" /><testcase classname="tests.test_views.TestViews" name="test_app2" time="0.009" /><testcase classname="tests.test_views.TestViews" name="test_appfallback" time="0.009" /><testcase classname="tests.test_views.TestViews" name="test_badvalidator" time="0.016" /><testcase classname="tests.test_views.TestViews" name="test_customvalidator" time="0.016" /><testcase classname="tests.test_views.TestViews" name="test_custredirect" time="0.013" /><testcase classname="tests.test_views.TestViews" name="test_disabled_module" time="0.015" /><testcase classname="tests.test_views.TestViews" name="test_errordoc" time="0.014" /><testcase classname="tests.test_views.TestViews" name="test_errordocexc" time="0.018" /><testcase classname="tests.test_views.TestViews" name="test_forward" time="0.014" /><testcase classname="tests.test_views.TestViews" name="test_forwardloop" time="0.017" /><testcase classname="tests.test_views.TestViews" name="test_get" time="0.013" /><testcase classname="tests.test_views.TestViews" name="test_getargs" time="0.014" /><testcase classname="tests.test_views.TestViews" name="test_getargs2" time="0.016" /><testcase classname="tests.test_views.TestViews" name="test_getargs3" time="0.023" /><testcase classname="tests.test_views.TestViews" name="test_heraise" time="0.010" /><testcase classname="tests.test_views.TestViews" name="test_hideexception" time="0.011" /><testcase classname="tests.test_views.TestViews" name="test_html" time="0.011" /><testcase classname="tests.test_views.TestViews" name="test_htmljscss" time="0.013" /><testcase classname="tests.test_views.TestViews" name="test_htmltemplatefilearg" time="0.010" /><testcase classname="tests.test_views.TestViews" name="test_htmltemplatefileargcss" time="0.012" /><testcase classname="tests.test_views.TestViews" name="test_htmltemplateinheritance" time="0.010" /><testcase classname="tests.test_views.TestViews" name="test_jsonify_exception" time="0.014" /><testcase classname="tests.test_views.TestViews" name="test_listgetargs" time="0.010" /><testcase classname="tests.test_views.TestViews" name="test_modlevelpriority" time="0.011" /><testcase classname="tests.test_views.TestViews" name="test_noactionmethod" time="0.010" /><testcase classname="tests.test_views.TestViews" name="test_nomodule" time="0.010" /><testcase classname="tests.test_views.TestViews" name="test_noview" time="0.010" /><testcase classname="tests.test_views.TestViews" name="test_parenttemplate" time="0.012" /><testcase classname="tests.test_views.TestViews" name="test_parenttemplateinheritance" time="0.012" /><testcase classname="tests.test_views.TestViews" name="test_permredirect" time="0.011" /><testcase classname="tests.test_views.TestViews" name="test_post" time="0.009" /><testcase classname="tests.test_views.TestViews" name="test_prep" time="0.009" /><testcase classname="tests.test_views.TestViews" name="test_redirect" time="0.009" /><testcase classname="tests.test_views.TestViews" name="test_render_endpoint" time="0.011" /><testcase classname="tests.test_views.TestViews" name="test_render_template_directly" time="0.011" /><testcase classname="tests.test_views.TestViews" name="test_reqgetargs" time="0.019" /><testcase classname="tests.test_views.TestViews" name="test_responding_view_base" time="0.009" /><testcase classname="tests.test_views.TestViews" name="test_responding_view_base_with_snippet" time="0.011" /><testcase classname="tests.test_views.TestViews" name="test_static" time="0.009" /><testcase classname="tests.test_views.TestViews" name="test_text" time="0.011" /><testcase classname="tests.test_views.TestViews" name="test_textwsnip" time="0.011" /><testcase classname="tests.test_views.TestViews" name="test_textwsnip2" time="0.012" /><testcase classname="tests.test_views.TestViews" name="test_urlargs" time="0.011" /><testcase classname="tests.test_views2" name="test_arg_processor" time="0.001" /><testcase classname="tests.test_views2" name="test_arg_validation" time="0.001" /><testcase classname="tests.test_views2" name="test_arg_validation_with_strict" time="0.001" /><testcase classname="tests.test_views2" name="test_basic_view" time="0.000" /><testcase classname="tests.test_views2" name="test_get_args" time="0.001" /><testcase classname="tests.test_views2" name="test_json_handlers" time="0.002" /><testcase classname="tests.test_views2" name="test_non_string_return" time="0.000" /><testcase classname="tests.test_views2" name="test_processing_with_lists" time="0.002" /><testcase classname="tests.test_views2" name="test_retval_edit" time="0.000" /><testcase classname="tests.test_views2" name="test_secure_view" time="0.002" /><testcase classname="tests.test_views2" name="test_templating_in_request" time="0.001" /><testcase classname="tests.test_views2" name="test_view_callstack" time="0.001" /><testcase classname="tests.test_views2" name="test_view_callstack_with_ajax" time="0.000" /><testcase classname="tests.test_views2" name="test_view_callstack_with_post" time="0.000" /><testcase classname="tests.test_views2" name="test_wsgi_app_return" time="0.000" /><testcase classname="tests.test_views2" name="test_call_method_changes" time="0.000" /><testcase classname="tests.test_views2" name="test_application_to_view_coupling" time="0.003" /><testcase classname="tests.test_views2" name="test_view_forwarding" time="0.002" /><testcase classname="tests.test_views2" name="test_view_redirect" time="0.006" /><testcase classname="tests.test_views2" name="test_templating" time="0.020" /><testcase classname="tests.test_views2" name="test_request_hijacking" time="0.009" /><testcase classname="tests.test_wrappers.TestRequest" name="test_confirm_muttable" time="0.000" /><testcase classname="tests.test_wrappers.TestRequest" name="test_from_values_inside_context" time="0.000" /><testcase classname="tests.test_wrappers.TestRequest" name="test_from_values_inside_context_with_new_bind" time="0.000" /><testcase classname="tests.test_wrappers.TestRequest" name="test_from_values_outside_context" time="0.000" /><testcase classname="tests.test_wrappers.TestRequest" name="test_json_property" time="0.000" /><testcase classname="tests.test_wrappers.TestRequest" name="test_replace_http_args" time="0.001" /></testsuite>